0 info it worked if it ends with ok
1 verbose cli [ 'D:\\sdk\\nodejs\\node.exe',
1 verbose cli   'D:\\sdk\\nodejs\\node_modules\\npm\\bin\\npm-cli.js',
1 verbose cli   'run',
1 verbose cli   'dev' ]
2 info using npm@4.0.5
3 info using node@v7.4.0
4 verbose run-script [ 'predev', 'dev', 'postdev' ]
5 info lifecycle webpack-spa-multiple@1.0.0~predev: webpack-spa-multiple@1.0.0
6 silly lifecycle webpack-spa-multiple@1.0.0~predev: no script for predev, continuing
7 info lifecycle webpack-spa-multiple@1.0.0~dev: webpack-spa-multiple@1.0.0
8 verbose lifecycle webpack-spa-multiple@1.0.0~dev: unsafe-perm in lifecycle true
9 verbose lifecycle webpack-spa-multiple@1.0.0~dev: PATH: D:\sdk\nodejs\node_modules\npm\bin\node-gyp-bin;D:\workspace\webpack-spa-multiple\node_modules\.bin;C:\windows\system32;C:\windows;C:\windows\System32\Wbem;C:\windows\System32\WindowsPowerShell\v1.0\;D:\sdk\TortoiseSVN\bin;D:\sdk\Java\jdk1.6.0_43\bin;D:\sdk\Java\jdk1.6.0_43\jre\bin;D:\sdk\apache-maven-2.2.1\bin;d:\sdk\Git\cmd;D:\sdk\Git\usr\bin;D:\sdk\nodejs\;D:\sdk\Python27;C:\Users\wb-llw259548\AppData\Roaming\npm;C:\Users\wb-llw259548\AppData\Roaming\npm
10 verbose lifecycle webpack-spa-multiple@1.0.0~dev: CWD: D:\workspace\webpack-spa-multiple
11 silly lifecycle webpack-spa-multiple@1.0.0~dev: Args: [ '/d /s /c',
11 silly lifecycle   'webpack-dev-server --port=8088 --hot --inline --progress --colors --devtool cheap-module-eval-source-map' ]
12 verbose stack Error: kill ENOSYS
12 verbose stack     at exports._errnoException (util.js:1022:11)
12 verbose stack     at process.kill (internal/process.js:173:13)
12 verbose stack     at process.listener (D:\sdk\nodejs\node_modules\npm\node_modules\npmlog\node_modules\gauge\node_modules\signal-exit\index.js:86:15)
12 verbose stack     at emitNone (events.js:91:20)
12 verbose stack     at process.emit (events.js:185:7)
12 verbose stack     at processEmit (D:\sdk\nodejs\node_modules\npm\node_modules\npmlog\node_modules\gauge\node_modules\signal-exit\index.js:146:32)
12 verbose stack     at processEmit (D:\sdk\nodejs\node_modules\npm\node_modules\npm-registry-client\node_modules\npmlog\node_modules\gauge\node_modules\signal-exit\index.js:146:32)
12 verbose stack     at Signal.wrap.onsignal (internal/process.js:200:44)
13 verbose cwd D:\workspace\webpack-spa-multiple
14 error Windows_NT 6.1.7601
15 error argv "D:\\sdk\\nodejs\\node.exe" "D:\\sdk\\nodejs\\node_modules\\npm\\bin\\npm-cli.js" "run" "dev"
16 error node v7.4.0
17 error npm  v4.0.5
18 error code ENOSYS
19 error errno ENOSYS
20 error syscall kill
21 error kill ENOSYS
22 error If you need help, you may report this error at:
22 error     <https://github.com/npm/npm/issues>
23 verbose exit [ 1, true ]
